Le COMMENT d'id : 53  a bien été supprimé
Le COMMENT a bien été créé
Le COMMENT d'id : 54  a bien été supprimé
Le COMMENT a bien été créé
Le COMMENT d'id : 56  a bien été supprimé
Le COMMENT d'id : 51 n'est pas trouvé'
Le COMMENT d'id : 51 n'est pas trouvé'
Le COMMENT a bien été créé
Le commentaire a bien été modifier
Le COMMENT a bien été créé
Le COMMENT d'id : 58  a bien été supprimé
Le COMMENT a bien été créé
Le COMMENT d'id : 53  a bien été supprimé
Le COMMENT a bien été créé
Le COMMENT d'id : 54  a bien été supprimé
Le COMMENT a bien été créé
Le COMMENT d'id : 56  a bien été supprimé
Le COMMENT d'id : 51 n'est pas trouvé'
Le COMMENT d'id : 51 n'est pas trouvé'
Le COMMENT a bien été créé
Le commentaire a bien été modifier
Le COMMENT a bien été créé
Le COMMENT d'id : 58  a bien été supprimé
Le COMMENT a bien été créé
Ayzem est connectéLe COMMENT d'id : 38  a bien été supprimé
Le COMMENT a bien été créé
Le COMMENT a bien été créé
Le COMMENT d'id : 61  a bien été supprimé
Le commentaire a bien été modifier
Le commentaire a bien été modifier
Un champ de saisie est vide
Le Billet de titre : test a bien été créer
Le COMMENT a bien été créé
